TN:
SF:src\components\atoms\Button\index.tsx
FN:10,Button
FNF:1
FNH:1
FNDA:14,Button
DA:15,14
LF:1
LH:1
BRDA:13,0,0,14
BRF:1
BRH:1
end_of_record
TN:
SF:src\components\atoms\Typography\index.tsx
FN:17,Typography
FNF:1
FNH:1
FNDA:2,Typography
DA:21,2
LF:1
LH:1
BRDA:19,0,0,2
BRF:1
BRH:1
end_of_record
TN:
SF:src\components\molecules\LoginForm\index.tsx
FN:10,LoginForm
FNF:1
FNH:1
FNDA:2,LoginForm
DA:13,2
LF:1
LH:1
BRF:0
BRH:0
end_of_record
TN:
SF:src\components\molecules\NavbarLinks\index.tsx
FN:6,NavbarLinks
FNF:1
FNH:1
FNDA:2,NavbarLinks
DA:7,2
LF:1
LH:1
BRF:0
BRH:0
end_of_record
TN:
SF:src\components\molecules\SignupForm\index.tsx
FN:10,SignupForm
FNF:1
FNH:1
FNDA:2,SignupForm
DA:13,2
LF:1
LH:1
BRF:0
BRH:0
end_of_record
TN:
SF:src\components\organisms\CourseCard\index.tsx
FN:20,CourseCard
FNF:1
FNH:1
FNDA:1,CourseCard
DA:21,1
LF:1
LH:1
BRF:0
BRH:0
end_of_record
TN:
SF:src\components\organisms\Navbar\index.tsx
FN:8,Navbar
FNF:1
FNH:1
FNDA:1,Navbar
DA:9,1
LF:1
LH:1
BRF:0
BRH:0
end_of_record
