TN:
SF:src\Pages\CourseDetailsPage\index.tsx
FN:10,CourseDetailsPage
FN:13,(anonymous_1)
FNF:2
FNH:2
FNDA:1,CourseDetailsPage
FNDA:1,(anonymous_1)
DA:11,1
DA:13,1
DA:14,1
DA:17,1
DA:18,0
DA:25,1
LF:6
LH:5
BRDA:17,0,0,0
BRDA:17,0,1,1
BRF:2
BRH:1
end_of_record
TN:
SF:src\Pages\CoursesPage\index.tsx
FN:10,CoursesPage
FN:27,(anonymous_1)
FNF:2
FNH:2
FNDA:1,CoursesPage
FNDA:3,(anonymous_1)
DA:11,1
DA:28,3
LF:2
LH:2
BRF:0
BRH:0
end_of_record
TN:
SF:src\Pages\DashboardPage\index.tsx
FN:24,DashboardPage
FN:42,(anonymous_1)
FN:71,(anonymous_2)
FN:80,(anonymous_3)
FNF:4
FNH:2
FNDA:1,DashboardPage
FNDA:3,(anonymous_1)
FNDA:0,(anonymous_2)
FNDA:0,(anonymous_3)
DA:9,1
DA:25,1
DA:27,1
DA:43,3
DA:72,0
DA:81,0
LF:6
LH:4
BRF:0
BRH:0
end_of_record
TN:
SF:src\Pages\LoginPage\index.tsx
FN:10,LoginPage
FN:26,(anonymous_1)
FNF:2
FNH:1
FNDA:1,LoginPage
FNDA:0,(anonymous_1)
DA:11,1
DA:13,1
DA:27,0
LF:3
LH:2
BRF:0
BRH:0
end_of_record
TN:
SF:src\Pages\ProfilePage\index.tsx
FN:3,ProfilePage
FNF:1
FNH:1
FNDA:1,ProfilePage
DA:4,1
LF:1
LH:1
BRF:0
BRH:0
end_of_record
TN:
SF:src\Pages\SignupPage\index.tsx
FN:11,SignupPage
FN:27,(anonymous_1)
FNF:2
FNH:1
FNDA:1,SignupPage
FNDA:0,(anonymous_1)
DA:12,1
DA:14,1
DA:28,0
LF:3
LH:2
BRF:0
BRH:0
end_of_record
TN:
SF:src\components\atoms\Button\index.tsx
FN:10,Button
FNF:1
FNH:1
FNDA:23,Button
DA:15,23
LF:1
LH:1
BRDA:13,0,0,23
BRF:1
BRH:1
end_of_record
TN:
SF:src\components\atoms\Typography\index.tsx
FN:17,Typography
FNF:1
FNH:1
FNDA:24,Typography
DA:21,24
LF:1
LH:1
BRDA:19,0,0,24
BRF:1
BRH:1
end_of_record
TN:
SF:src\components\molecules\LoginForm\index.tsx
FN:10,LoginForm
FNF:1
FNH:1
FNDA:3,LoginForm
DA:13,3
LF:1
LH:1
BRF:0
BRH:0
end_of_record
TN:
SF:src\components\molecules\NavbarLinks\index.tsx
FN:6,NavbarLinks
FNF:1
FNH:1
FNDA:3,NavbarLinks
DA:7,3
LF:1
LH:1
BRF:0
BRH:0
end_of_record
TN:
SF:src\components\molecules\SignupForm\index.tsx
FN:10,SignupForm
FNF:1
FNH:1
FNDA:3,SignupForm
DA:13,3
LF:1
LH:1
BRF:0
BRH:0
end_of_record
TN:
SF:src\components\organisms\CourseCard\index.tsx
FN:20,CourseCard
FNF:1
FNH:1
FNDA:4,CourseCard
DA:21,4
LF:1
LH:1
BRF:0
BRH:0
end_of_record
TN:
SF:src\components\organisms\Navbar\index.tsx
FN:8,Navbar
FNF:1
FNH:1
FNDA:2,Navbar
DA:9,2
LF:1
LH:1
BRF:0
BRH:0
end_of_record
TN:
SF:src\data\courses.ts
FNF:0
FNH:0
DA:9,2
LF:1
LH:1
BRF:0
BRH:0
end_of_record
TN:
SF:src\templates\MainLayout\index.tsx
FN:11,MainLayout
FNF:1
FNH:1
FNDA:1,MainLayout
DA:12,1
DA:15,1
DA:18,1
LF:3
LH:3
BRDA:15,0,0,1
BRDA:15,0,1,1
BRDA:20,1,0,1
BRDA:20,1,1,1
BRDA:23,2,0,0
BRDA:23,2,1,1
BRF:6
BRH:5
end_of_record
